[
 {
  "Error": {
   "Message": "ERRORED! Got Exception (if any): ERROR: Bot #0: Received invalid character '    if os.path.exists(\"c{}_input.vec\").format(VERSION)):i'. (at character 5.)\nInput received from bot:\n    if os.path.exists(\"c{}_input.vec\").format(VERSION)):\n    ^; Response received (if any):     if os.path.exists(\"c{}_input.vec\").format(VERSION)):                                                      ^SyntaxError: invalid syntax",
   "Turn": 1
  },
  "Frames": [
   {
    "Time": 54,
    "Turn": 0
   },
   {
    "Time": 0
   }
  ],
  "PlayerID": 0,
  "PlayerName": "  File \"MyBot1.py\", line 23"
 },
 {
  "Error": {
   "Message": "ERRORED! Got Exception (if any): ERROR: Bot #1: Received invalid character '    if os.path.exists(\"c{}_input.vec\").format(VERSION)):i'. (at character 5.)\nInput received from bot:\n    if os.path.exists(\"c{}_input.vec\").format(VERSION)):\n    ^; Response received (if any):     if os.path.exists(\"c{}_input.vec\").format(VERSION)):                                                      ^SyntaxError: invalid syntax",
   "Turn": 1
  },
  "Frames": [
   {
    "Time": 54,
    "Turn": 0
   },
   {
    "Time": 0
   }
  ],
  "PlayerID": 1,
  "PlayerName": "  File \"MyBot2.py\", line 23"
 }
]
