[
 {
  "Error": {},
  "Frames": [
   {
    "Time": 178,
    "Turn": 0
   },
   {
    "Commands": null,
    "Planets": null,
    "Ships": [
     {
      "cooldown": 0,
      "docking": {
       "status": "undocked"
      },
      "health": 255,
      "id": 2,
      "owner": 0,
      "vel_x": 0.0,
      "vel_y": 0.0,
      "x": 180.0,
      "y": 63.0
     },
     {
      "cooldown": 0,
      "docking": {
       "status": "undocked"
      },
      "health": 255,
      "id": 1,
      "owner": 0,
      "vel_x": 0.0,
      "vel_y": 0.0,
      "x": 180.0,
      "y": 57.0
     },
     {
      "cooldown": 0,
      "docking": {
       "status": "undocked"
      },
      "health": 255,
      "id": 0,
      "owner": 0,
      "vel_x": 0.0,
      "vel_y": 0.0,
      "x": 180.0,
      "y": 60.0
     }
    ],
    "Time": 3,
    "Turn": 1
   }
  ],
  "PlayerID": 0,
  "PlayerName": "Charles1"
 },
 {
  "Error": {
   "Message": "ERRORED! Got Exception (if any): ERROR: Bot #1: Timeout reading commands for bot; select() result: 0 (max time: 2000 milliseconds).\nNo input received from bot.; Response received (if any): ",
   "Turn": 1
  },
  "Frames": [
   {
    "Time": 49,
    "Turn": 0
   },
   null
  ],
  "PlayerID": 1,
  "PlayerName": "python: can't open file 'MyBot"
 }
]
